This is pdfTeX, Version 3.141592653-2.6-1.40.24 (MiKTeX 22.3) (preloaded format=pdflatex 2022.5.7)  30 OCT 2022 12:42
entering extended mode
 restricted \write18 enabled.
 %&-line parsing enabled.
**./Assignment_2.tex
(Assignment_2.tex
LaTeX2e <2021-11-15> patch level 1
L3 programming layer <2022-04-29>
(C:\Users\Dell\AppData\Local\Programs\MiKTeX 2.9\tex/latex/base\article.cls
Document Class: article 2021/10/04 v1.4n Standard LaTeX document class
(C:\Users\Dell\AppData\Local\Programs\MiKTeX 2.9\tex/latex/base\size12.clo
File: size12.clo 2021/10/04 v1.4n Standard LaTeX file (size option)
)
\c@part=\count185
\c@section=\count186
\c@subsection=\count187
\c@subsubsection=\count188
\c@paragraph=\count189
\c@subparagraph=\count190
\c@figure=\count191
\c@table=\count192
\abovecaptionskip=\skip47
\belowcaptionskip=\skip48
\bibindent=\dimen138
)
(C:\Users\Dell\AppData\Local\Programs\MiKTeX 2.9\tex/latex/graphics\graphicx.st
y
Package: graphicx 2021/09/16 v1.2d Enhanced LaTeX Graphics (DPC,SPQR)

(C:\Users\Dell\AppData\Local\Programs\MiKTeX 2.9\tex/latex/graphics\keyval.sty
Package: keyval 2014/10/28 v1.15 key=value parser (DPC)
\KV@toks@=\toks16
)
(C:\Users\Dell\AppData\Local\Programs\MiKTeX 2.9\tex/latex/graphics\graphics.st
y
Package: graphics 2021/03/04 v1.4d Standard LaTeX Graphics (DPC,SPQR)
 (C:\Users\Dell\AppData\Local\Programs\MiKTeX 2.9\tex/latex/graphics\trig.sty
Package: trig 2021/08/11 v1.11 sin cos tan (DPC)
)
(C:\Users\Dell\AppData\Local\Programs\MiKTeX 2.9\tex/latex/graphics-cfg\graphic
s.cfg
File: graphics.cfg 2016/06/04 v1.11 sample graphics configuration
)
Package graphics Info: Driver file: pdftex.def on input line 107.

(C:\Users\Dell\AppData\Local\Programs\MiKTeX 2.9\tex/latex/graphics-def\pdftex.
def
File: pdftex.def 2020/10/05 v1.2a Graphics/color driver for pdftex
))
\Gin@req@height=\dimen139
\Gin@req@width=\dimen140
)
(C:\Users\Dell\AppData\Local\Programs\MiKTeX 2.9\tex/latex/graphics\color.sty
Package: color 2021/12/07 v1.3c Standard LaTeX Color (DPC)

(C:\Users\Dell\AppData\Local\Programs\MiKTeX 2.9\tex/latex/graphics-cfg\color.c
fg
File: color.cfg 2016/01/02 v1.6 sample color configuration
)
Package color Info: Driver file: pdftex.def on input line 149.
)
(C:\Users\Dell\AppData\Local\Programs\MiKTeX 2.9\tex/latex/amsfonts\amssymb.sty
Package: amssymb 2013/01/14 v3.01 AMS font symbols

(C:\Users\Dell\AppData\Local\Programs\MiKTeX 2.9\tex/latex/amsfonts\amsfonts.st
y
Package: amsfonts 2013/01/14 v3.01 Basic AMSFonts support
\@emptytoks=\toks17
\symAMSa=\mathgroup4
\symAMSb=\mathgroup5
LaTeX Font Info:    Redeclaring math symbol \hbar on input line 98.
LaTeX Font Info:    Overwriting math alphabet `\mathfrak' in version `bold'
(Font)                  U/euf/m/n --> U/euf/b/n on input line 106.
))
(C:\Users\Dell\AppData\Local\Programs\MiKTeX 2.9\tex/latex/l3backend\l3backend-
pdftex.def
File: l3backend-pdftex.def 2022-04-20 L3 backend support: PDF output (pdfTeX)
\l__color_backend_stack_int=\count193
\l__pdf_internal_box=\box50
) (Assignment_2.aux)
\openout1 = `Assignment_2.aux'.

LaTeX Font Info:    Checking defaults for OML/cmm/m/it on input line 5.
LaTeX Font Info:    ... okay on input line 5.
LaTeX Font Info:    Checking defaults for OMS/cmsy/m/n on input line 5.
LaTeX Font Info:    ... okay on input line 5.
LaTeX Font Info:    Checking defaults for OT1/cmr/m/n on input line 5.
LaTeX Font Info:    ... okay on input line 5.
LaTeX Font Info:    Checking defaults for T1/cmr/m/n on input line 5.
LaTeX Font Info:    ... okay on input line 5.
LaTeX Font Info:    Checking defaults for TS1/cmr/m/n on input line 5.
LaTeX Font Info:    ... okay on input line 5.
LaTeX Font Info:    Checking defaults for OMX/cmex/m/n on input line 5.
LaTeX Font Info:    ... okay on input line 5.
LaTeX Font Info:    Checking defaults for U/cmr/m/n on input line 5.
LaTeX Font Info:    ... okay on input line 5.

(C:\Users\Dell\AppData\Local\Programs\MiKTeX 2.9\tex/context/base/mkii\supp-pdf
.mkii
[Loading MPS to PDF converter (version 2006.09.02).]
\scratchcounter=\count194
\scratchdimen=\dimen141
\scratchbox=\box51
\nofMPsegments=\count195
\nofMParguments=\count196
\everyMPshowfont=\toks18
\MPscratchCnt=\count197
\MPscratchDim=\dimen142
\MPnumerator=\count198
\makeMPintoPDFobject=\count199
\everyMPtoPDFconversion=\toks19
)
(C:\Users\Dell\AppData\Local\Programs\MiKTeX 2.9\tex/latex/epstopdf-pkg\epstopd
f-base.sty
Package: epstopdf-base 2020-01-24 v2.11 Base part for package epstopdf
Package epstopdf-base Info: Redefining graphics rule for `.eps' on input line 4
85.

(C:\Users\Dell\AppData\Local\Programs\MiKTeX 2.9\tex/latex/00miktex\epstopdf-sy
s.cfg
File: epstopdf-sys.cfg 2021/03/18 v2.0 Configuration of epstopdf for MiKTeX
))
LaTeX Font Info:    Trying to load font information for U+msa on input line 8.

(C:\Users\Dell\AppData\Local\Programs\MiKTeX 2.9\tex/latex/amsfonts\umsa.fd
File: umsa.fd 2013/01/14 v3.01 AMS symbols A
)
LaTeX Font Info:    Trying to load font information for U+msb on input line 8.

(C:\Users\Dell\AppData\Local\Programs\MiKTeX 2.9\tex/latex/amsfonts\umsb.fd
File: umsb.fd 2013/01/14 v3.01 AMS symbols B
)

LaTeX Warning: No \author given.

[1

{C:/Users/Dell/AppData/Local/MiKTeX/2.9/fonts/map/pdftex/pdftex.map}]
[2]
<D:/books and papers/sem 8/Planetary Atmospheres/Assignment_2/venus.png, id=10,
 1003.75pt x 1003.75pt>
File: D:/books and papers/sem 8/Planetary Atmospheres/Assignment_2/venus.png Gr
aphic file (type png)
<use D:/books and papers/sem 8/Planetary Atmospheres/Assignment_2/venus.png>
Package pdftex.def Info: D:/books and papers/sem 8/Planetary Atmospheres/Assign
ment_2/venus.png  used on input line 17.
(pdftex.def)             Requested size: 451.68333pt x 451.68333pt.

Overfull \hbox (61.68333pt too wide) in paragraph at lines 17--18
[] 
 []

<D:/books and papers/sem 8/Planetary Atmospheres/Assignment_2/titan.png, id=11,
 1003.75pt x 1003.75pt>
File: D:/books and papers/sem 8/Planetary Atmospheres/Assignment_2/titan.png Gr
aphic file (type png)
<use D:/books and papers/sem 8/Planetary Atmospheres/Assignment_2/titan.png>
Package pdftex.def Info: D:/books and papers/sem 8/Planetary Atmospheres/Assign
ment_2/titan.png  used on input line 22.
(pdftex.def)             Requested size: 451.68333pt x 451.68333pt.

Overfull \hbox (61.68333pt too wide) in paragraph at lines 22--23
[] 
 []

[3 <D:/books and papers/sem 8/Planetary Atmospheres/Assignment_2/venus.png>]
<D:/books and papers/sem 8/Planetary Atmospheres/Assignment_2/mars.png, id=16, 
1003.75pt x 1003.75pt>
File: D:/books and papers/sem 8/Planetary Atmospheres/Assignment_2/mars.png Gra
phic file (type png)
<use D:/books and papers/sem 8/Planetary Atmospheres/Assignment_2/mars.png>
Package pdftex.def Info: D:/books and papers/sem 8/Planetary Atmospheres/Assign
ment_2/mars.png  used on input line 28.
(pdftex.def)             Requested size: 451.68333pt x 451.68333pt.

Overfull \hbox (61.68333pt too wide) in paragraph at lines 28--29
[] 
 []

[4 <D:/books and papers/sem 8/Planetary Atmospheres/Assignment_2/titan.png>]
<D:/books and papers/sem 8/Planetary Atmospheres/Assignment_2/mars_dust.png, id
=20, 1003.75pt x 1003.75pt>
File: D:/books and papers/sem 8/Planetary Atmospheres/Assignment_2/mars_dust.pn
g Graphic file (type png)
<use D:/books and papers/sem 8/Planetary Atmospheres/Assignment_2/mars_dust.png
>
Package pdftex.def Info: D:/books and papers/sem 8/Planetary Atmospheres/Assign
ment_2/mars_dust.png  used on input line 32.
(pdftex.def)             Requested size: 451.68333pt x 451.68333pt.

Overfull \hbox (79.30815pt too wide) in paragraph at lines 32--34
[][]
 []

[5 <D:/books and papers/sem 8/Planetary Atmospheres/Assignment_2/mars.png>]
[6 <D:/books and papers/sem 8/Planetary Atmospheres/Assignment_2/mars_dust.png>
] (Assignment_2.aux) ) 
Here is how much of TeX's memory you used:
 1916 strings out of 478608
 31861 string characters out of 2841347
 312403 words of memory out of 3000000
 20085 multiletter control sequences out of 15000+600000
 473368 words of font info for 44 fonts, out of 8000000 for 9000
 1141 hyphenation exceptions out of 8191
 55i,6n,62p,357b,211s stack positions out of 10000i,1000n,20000p,200000b,80000s
<C:/Users/Dell/AppData/Local/Programs/MiKTeX 2.9/fonts/ty
pe1/public/amsfonts/cm/cmbx12.pfb><C:/Users/Dell/AppData/Local/Programs/MiKTeX 
2.9/fonts/type1/public/amsfonts/cm/cmr12.pfb><C:/Users/Dell/AppData/Local/Progr
ams/MiKTeX 2.9/fonts/type1/public/amsfonts/cm/cmr17.pfb>
Output written on Assignment_2.pdf (6 pages, 223352 bytes).
PDF statistics:
 40 PDF objects out of 1000 (max. 8388607)
 0 named destinations out of 1000 (max. 500000)
 21 words of extra memory for PDF output out of 10000 (max. 10000000)

